  ec.cpp
  ec_ops.cpp
  uberzahl.cpp
uberzahl.cpp(70): warning C4018: '<': signed/unsigned mismatch
uberzahl.cpp(140): warning C4244: '+=': conversion from 'unsigned __int64' to 'unsigned int', possible loss of data
uberzahl.cpp(203): warning C4244: 'argument': conversion from 'unsigned __int64' to 'const unsigned int', possible loss of data
uberzahl.cpp(235): warning C4146: unary minus operator applied to unsigned type, result still unsigned
uberzahl.cpp(289): warning C4018: '<': signed/unsigned mismatch
uberzahl.cpp(320): warning C4244: '=': conversion from 'unsigned __int64' to 'unsigned int', possible loss of data
uberzahl.cpp(332): warning C4018: '<': signed/unsigned mismatch
uberzahl.cpp(341): warning C4244: 'return': conversion from 'unsigned __int64' to 'unsigned int', possible loss of data
uberzahl.cpp(409): warning C4146: unary minus operator applied to unsigned type, result still unsigned
uberzahl.cpp(587): warning C4244: 'initializing': conversion from 'unsigned __int64' to 'unsigned int', possible loss of data
uberzahl.cpp(594): warning C4554: '<<': check operator precedence for possible error; use parentheses to clarify precedence
uberzahl.cpp(613): warning C4244: 'argument': conversion from 'unsigned __int64' to 'const unsigned int', possible loss of data
  Generating code
  0 of 313 functions ( 0.0%) were compiled, the rest were copied from previous compilation.
    0 functions were new in current compilation
    0 functions had inline decision re-evaluated but remain unchanged
  Finished generating code
  Project.vcxproj -> C:\Users\Matt\Source\Repos\EECS475\Project\Release\Project.exe
